<?xml version="1.0" encoding="UTF-8"?>
<testsuite name="axa.tests.AutoversicherungsTest" time="3.03" tests="15" errors="0" skipped="14" failures="1">
  <properties>
[...]
</properties>
  <testcase name="setupTest" classname="axa.tests.AutoversicherungsTest" time="3.03">
    <failure message="&#10;Parameter &apos;browser&apos; is required by BeforeMethod on method setupTest but has not been marked @Optional or defined&#10;" type="org.testng.TestNGException">org.testng.TestNGException: 
Parameter 'browser' is required by BeforeMethod on method setupTest but has not been marked @Optional or defined

	at org.testng.internal.Parameters.createParams(Parameters.java:290)
	at org.testng.internal.Parameters.createParametersForMethod(Parameters.java:359)
	at org.testng.internal.Parameters.createParameters(Parameters.java:620)
	at org.testng.internal.Parameters.createConfigurationParameters(Parameters.java:190)
	at org.testng.internal.Invoker.invokeConfigurations(Invoker.java:209)
	at org.testng.internal.Invoker.invokeMethod(Invoker.java:520)
	at org.testng.internal.Invoker.invokeTestMethod(Invoker.java:716)
	at org.testng.internal.Invoker.invokeTestMethods(Invoker.java:988)
	at org.testng.internal.TestMethodWorker.invokeTestMethods(TestMethodWorker.java:125)
	at org.testng.internal.TestMethodWorker.run(TestMethodWorker.java:109)
	at org.testng.TestRunner.privateRun(TestRunner.java:648)
	at org.testng.TestRunner.run(TestRunner.java:505)
	at org.testng.SuiteRunner.runTest(SuiteRunner.java:455)
	at org.testng.SuiteRunner.runSequentially(SuiteRunner.java:450)
	at org.testng.SuiteRunner.privateRun(SuiteRunner.java:415)
	at org.testng.SuiteRunner.run(SuiteRunner.java:364)
	at org.testng.SuiteRunnerWorker.runSuite(SuiteRunnerWorker.java:52)
	at org.testng.SuiteRunnerWorker.run(SuiteRunnerWorker.java:84)
	at org.testng.TestNG.runSuitesSequentially(TestNG.java:1208)
	at org.testng.TestNG.runSuitesLocally(TestNG.java:1137)
	at org.testng.TestNG.runSuites(TestNG.java:1049)
	at org.testng.TestNG.run(TestNG.java:1017)
	at org.apache.maven.surefire.testng.TestNGExecutor.run(TestNGExecutor.java:115)
	at org.apache.maven.surefire.testng.TestNGDirectoryTestSuite.executeSingleClass(TestNGDirectoryTestSuite.java:129)
	at org.apache.maven.surefire.testng.TestNGDirectoryTestSuite.execute(TestNGDirectoryTestSuite.java:113)
	at org.apache.maven.surefire.testng.TestNGProvider.invoke(TestNGProvider.java:111)
	at org.apache.maven.surefire.booter.ForkedBooter.invokeProviderInSameClassLoader(ForkedBooter.java:203)
	at org.apache.maven.surefire.booter.ForkedBooter.runSuitesInProcess(ForkedBooter.java:155)
	at org.apache.maven.surefire.booter.ForkedBooter.main(ForkedBooter.java:103)
</failure>
    <system-out><![CDATA[Configuring TestNG with: TestNG652Configurator
setting up webdriver properties
[STARTING EVERYTHING]
]]></system-out>
  </testcase>
  <testcase name="setupTest" classname="axa.tests.AutoversicherungsTest" time="0">
    <skipped/>
  </testcase>
  <testcase name="setupTest" classname="axa.tests.AutoversicherungsTest" time="0">
    <skipped/>
  </testcase>
  <testcase name="setupTest" classname="axa.tests.AutoversicherungsTest" time="0">
    <skipped/>
  </testcase>
  <testcase name="setupTest" classname="axa.tests.AutoversicherungsTest" time="0">
    <skipped/>
  </testcase>
  <testcase name="newTest" classname="axa.tests.AutoversicherungsTest" time="0">
    <skipped/>
  </testcase>
  <testcase name="newTest" classname="axa.tests.AutoversicherungsTest" time="0">
    <skipped/>
  </testcase>
  <testcase name="newTest" classname="axa.tests.AutoversicherungsTest" time="0">
    <skipped/>
  </testcase>
  <testcase name="newTest" classname="axa.tests.AutoversicherungsTest" time="0">
    <skipped/>
  </testcase>
  <testcase name="newTest" classname="axa.tests.AutoversicherungsTest" time="0">
    <skipped/>
  </testcase>
  <testcase name="tearDown" classname="axa.tests.AutoversicherungsTest" time="0">
    <skipped/>
  </testcase>
  <testcase name="tearDown" classname="axa.tests.AutoversicherungsTest" time="0">
    <skipped/>
  </testcase>
  <testcase name="tearDown" classname="axa.tests.AutoversicherungsTest" time="0">
    <skipped/>
  </testcase>
  <testcase name="tearDown" classname="axa.tests.AutoversicherungsTest" time="0">
    <skipped/>
  </testcase>
  <testcase name="tearDown" classname="axa.tests.AutoversicherungsTest" time="0">
    <skipped/>
  </testcase>
</testsuite>